app/build/intermediates/manifest_merge_blame_file/debug/manifest-merger-blame-debug-report.txt
1<?xml version="1.0" encoding="utf-8"?>
2<manifest xmlns:android="http://schemas.android.com/apk/res/android"
3    package="edu.umb.cs443"
4    android:versionCode="1"
5    android:versionName="1.0" >
6
7    <uses-sdk
8        android:minSdkVersion="27"
8-->src\main\AndroidManifest.xml
9        android:targetSdkVersion="33" />
9-->src\main\AndroidManifest.xml
10
11    <uses-permission android:name="android.permission.INTERNET" />
11-->src\main\AndroidManifest.xml:8:5-66
11-->src\main\AndroidManifest.xml:8:22-64
12    <uses-permission android:name="android.permission.ACCESS_NETWORK_STATE" />
12-->src\main\AndroidManifest.xml:9:5-78
12-->src\main\AndroidManifest.xml:9:22-76
13    <uses-permission
13-->src\main\AndroidManifest.xml:10:5-11:38
14        android:name="android.permission.WRITE_EXTERNAL_STORAGE"
14-->src\main\AndroidManifest.xml:10:22-78
15        android:maxSdkVersion="32" />
15-->src\main\AndroidManifest.xml:11:9-35
16    <uses-permission android:name="android.permission.ACCESS_COARSE_LOCATION" />
16-->src\main\AndroidManifest.xml:13:5-80
16-->src\main\AndroidManifest.xml:13:22-78
17    <uses-permission android:name="android.permission.ACCESS_FINE_LOCATION" />
17-->src\main\AndroidManifest.xml:14:5-78
17-->src\main\AndroidManifest.xml:14:22-76
18
19    <uses-feature
19-->src\main\AndroidManifest.xml:16:5-18:34
20        android:glEsVersion="0x00020000"
20-->src\main\AndroidManifest.xml:17:9-41
21        android:required="true" />
21-->src\main\AndroidManifest.xml:18:9-32
22
23    <!-- Optional permission for Analytics to run. -->
24    <uses-permission android:name="android.permission.WAKE_LOCK" /> <!-- Required by older versions of Google Play services to create GCM registration tokens -->
24-->[com.google.android.gms:play-services-analytics:12.0.1] AndroidManifest.xml:27:5-68
24-->[com.google.android.gms:play-services-analytics:12.0.1] AndroidManifest.xml:27:22-65
25    <uses-permission android:name="com.google.android.c2dm.permission.RECEIVE" />
25-->[com.google.android.gms:play-services-gcm:12.0.1] AndroidManifest.xml:23:5-82
25-->[com.google.android.gms:play-services-gcm:12.0.1] AndroidManifest.xml:23:22-79
26
27    <permission
27-->[com.google.firebase:firebase-iid:12.0.1] AndroidManifest.xml:28:5-30:47
28        android:name="edu.umb.cs443.permission.C2D_MESSAGE"
28-->[com.google.firebase:firebase-iid:12.0.1] AndroidManifest.xml:29:9-63
29        android:protectionLevel="signature" />
29-->[com.google.firebase:firebase-iid:12.0.1] AndroidManifest.xml:30:9-44
30
31    <uses-permission android:name="edu.umb.cs443.permission.C2D_MESSAGE" />
31-->[com.google.firebase:firebase-iid:12.0.1] AndroidManifest.xml:32:5-79
31-->[com.google.firebase:firebase-iid:12.0.1] AndroidManifest.xml:32:22-76
32
33    <permission
33-->[androidx.core:core:1.9.0] AndroidManifest.xml:22:5-24:47
34        android:name="edu.umb.cs443.DYNAMIC_RECEIVER_NOT_EXPORTED_PERMISSION"
34-->[androidx.core:core:1.9.0] AndroidManifest.xml:23:9-81
35        android:protectionLevel="signature" />
35-->[androidx.core:core:1.9.0] AndroidManifest.xml:24:9-44
36
37    <uses-permission android:name="edu.umb.cs443.DYNAMIC_RECEIVER_NOT_EXPORTED_PERMISSION" />
37-->[androidx.core:core:1.9.0] AndroidManifest.xml:26:5-97
37-->[androidx.core:core:1.9.0] AndroidManifest.xml:26:22-94
38
39    <application
39-->src\main\AndroidManifest.xml:19:5-42:19
40        android:allowBackup="true"
40-->src\main\AndroidManifest.xml:20:9-35
41        android:appComponentFactory="androidx.core.app.CoreComponentFactory"
41-->[androidx.core:core:1.9.0] AndroidManifest.xml:28:18-86
42        android:debuggable="true"
43        android:extractNativeLibs="false"
44        android:icon="@drawable/ic_launcher"
44-->src\main\AndroidManifest.xml:21:9-45
45        android:label="@string/app_name" >
45-->src\main\AndroidManifest.xml:22:9-41
46
47        <!-- android:theme="@style/AppTheme" -->
48        <uses-library
48-->src\main\AndroidManifest.xml:24:9-87
49            android:name="org.apache.http.legacy"
49-->src\main\AndroidManifest.xml:24:23-60
50            android:required="false" />
50-->src\main\AndroidManifest.xml:24:61-85
51
52        <activity
52-->src\main\AndroidManifest.xml:25:9-34:20
53            android:name="edu.umb.cs443.MainActivity"
53-->src\main\AndroidManifest.xml:26:13-41
54            android:exported="true"
54-->src\main\AndroidManifest.xml:28:13-36
55            android:label="@string/app_name" >
55-->src\main\AndroidManifest.xml:27:13-45
56            <intent-filter>
56-->src\main\AndroidManifest.xml:29:13-33:29
57                <action android:name="android.intent.action.MAIN" />
57-->src\main\AndroidManifest.xml:30:17-69
57-->src\main\AndroidManifest.xml:30:25-66
58
59                <category android:name="android.intent.category.LAUNCHER" />
59-->src\main\AndroidManifest.xml:32:17-77
59-->src\main\AndroidManifest.xml:32:27-74
60            </intent-filter>
61        </activity>
62
63        <meta-data
63-->src\main\AndroidManifest.xml:36:9-38:15
64            android:name="com.google.android.maps.v2.API_KEY"
64-->src\main\AndroidManifest.xml:36:20-69
65            android:value="AIzaSyCrjtdV6PIBrkPRGV7OMRFRpuxvDJRHBx0" />
65-->src\main\AndroidManifest.xml:37:13-68
66        <meta-data
66-->src\main\AndroidManifest.xml:39:9-41:69
67            android:name="com.google.android.gms.version"
67-->src\main\AndroidManifest.xml:40:13-58
68            android:value="@integer/google_play_services_version" />
68-->src\main\AndroidManifest.xml:41:13-66
69
70        <receiver android:name="com.google.android.gms.cast.framework.media.MediaIntentReceiver" />
70-->[com.google.android.gms:play-services-cast-framework:12.0.1] AndroidManifest.xml:8:9-100
70-->[com.google.android.gms:play-services-cast-framework:12.0.1] AndroidManifest.xml:8:19-97
71
72        <service android:name="com.google.android.gms.cast.framework.media.MediaNotificationService" />
72-->[com.google.android.gms:play-services-cast-framework:12.0.1] AndroidManifest.xml:10:9-104
72-->[com.google.android.gms:play-services-cast-framework:12.0.1] AndroidManifest.xml:10:18-101
73        <service android:name="com.google.android.gms.cast.framework.ReconnectionService" /> <!-- Include the AdActivity and InAppPurchaseActivity configChanges and themes. -->
73-->[com.google.android.gms:play-services-cast-framework:12.0.1] AndroidManifest.xml:11:9-93
73-->[com.google.android.gms:play-services-cast-framework:12.0.1] AndroidManifest.xml:11:18-90
74        <activity
74-->[com.google.android.gms:play-services-ads-lite:12.0.1] AndroidManifest.xml:29:9-33:64
75            android:name="com.google.android.gms.ads.AdActivity"
75-->[com.google.android.gms:play-services-ads-lite:12.0.1] AndroidManifest.xml:30:13-65
76            android:configChanges="keyboard|keyboardHidden|orientation|screenLayout|uiMode|screenSize|smallestScreenSize"
76-->[com.google.android.gms:play-services-ads-lite:12.0.1] AndroidManifest.xml:31:13-122
77            android:exported="false"
77-->[com.google.android.gms:play-services-ads-lite:12.0.1] AndroidManifest.xml:32:13-37
78            android:theme="@android:style/Theme.Translucent" />
78-->[com.google.android.gms:play-services-ads-lite:12.0.1] AndroidManifest.xml:33:13-61
79
80        <receiver
80-->[com.google.android.gms:play-services-analytics:12.0.1] AndroidManifest.xml:30:9-34:20
81            android:name="com.google.android.gms.analytics.AnalyticsReceiver"
81-->[com.google.android.gms:play-services-analytics:12.0.1] AndroidManifest.xml:31:13-78
82            android:enabled="true"
82-->[com.google.android.gms:play-services-analytics:12.0.1] AndroidManifest.xml:32:13-35
83            android:exported="false" >
83-->[com.google.android.gms:play-services-analytics:12.0.1] AndroidManifest.xml:33:13-37
84        </receiver>
85
86        <service
86-->[com.google.android.gms:play-services-analytics:12.0.1] AndroidManifest.xml:36:9-39:40
87            android:name="com.google.android.gms.analytics.AnalyticsService"
87-->[com.google.android.gms:play-services-analytics:12.0.1] AndroidManifest.xml:37:13-77
88            android:enabled="true"
88-->[com.google.android.gms:play-services-analytics:12.0.1] AndroidManifest.xml:38:13-35
89            android:exported="false" />
89-->[com.google.android.gms:play-services-analytics:12.0.1] AndroidManifest.xml:39:13-37
90        <service
90-->[com.google.android.gms:play-services-analytics:12.0.1] AndroidManifest.xml:40:9-44:72
91            android:name="com.google.android.gms.analytics.AnalyticsJobService"
91-->[com.google.android.gms:play-services-analytics:12.0.1] AndroidManifest.xml:41:13-80
92            android:enabled="true"
92-->[com.google.android.gms:play-services-analytics:12.0.1] AndroidManifest.xml:42:13-35
93            android:exported="false"
93-->[com.google.android.gms:play-services-analytics:12.0.1] AndroidManifest.xml:43:13-37
94            android:permission="android.permission.BIND_JOB_SERVICE" />
94-->[com.google.android.gms:play-services-analytics:12.0.1] AndroidManifest.xml:44:13-69
95
96        <activity
96-->[com.google.android.gms:play-services-appinvite:12.0.1] AndroidManifest.xml:25:9-34:20
97            android:name="com.google.android.gms.appinvite.PreviewActivity"
97-->[com.google.android.gms:play-services-appinvite:12.0.1] AndroidManifest.xml:26:13-76
98            android:exported="true"
98-->[com.google.android.gms:play-services-appinvite:12.0.1] AndroidManifest.xml:27:13-36
99            android:theme="@style/Theme.AppInvite.Preview" >
99-->[com.google.android.gms:play-services-appinvite:12.0.1] AndroidManifest.xml:28:13-59
100            <intent-filter>
100-->[com.google.android.gms:play-services-appinvite:12.0.1] AndroidManifest.xml:29:13-33:29
101                <action android:name="com.google.android.gms.appinvite.ACTION_PREVIEW" />
101-->[com.google.android.gms:play-services-appinvite:12.0.1] AndroidManifest.xml:30:17-90
101-->[com.google.android.gms:play-services-appinvite:12.0.1] AndroidManifest.xml:30:25-87
102
103                <category android:name="android.intent.category.DEFAULT" />
103-->[com.google.android.gms:play-services-appinvite:12.0.1] AndroidManifest.xml:32:17-76
103-->[com.google.android.gms:play-services-appinvite:12.0.1] AndroidManifest.xml:32:27-73
104            </intent-filter>
105        </activity>
106        <activity
106-->[com.google.android.gms:play-services-auth:12.0.1] AndroidManifest.xml:23:9-27:75
107            android:name="com.google.android.gms.auth.api.signin.internal.SignInHubActivity"
107-->[com.google.android.gms:play-services-auth:12.0.1] AndroidManifest.xml:24:13-93
108            android:excludeFromRecents="true"
108-->[com.google.android.gms:play-services-auth:12.0.1] AndroidManifest.xml:25:13-46
109            android:exported="false"
109-->[com.google.android.gms:play-services-auth:12.0.1] AndroidManifest.xml:26:13-37
110            android:theme="@android:style/Theme.Translucent.NoTitleBar" />
110-->[com.google.android.gms:play-services-auth:12.0.1] AndroidManifest.xml:27:13-72
111        <!--
112            Service handling Google Sign-In user revocation. For apps that do not integrate with
113            Google Sign-In, this service will never be started.
114        -->
115        <service
115-->[com.google.android.gms:play-services-auth:12.0.1] AndroidManifest.xml:33:9-36:110
116            android:name="com.google.android.gms.auth.api.signin.RevocationBoundService"
116-->[com.google.android.gms:play-services-auth:12.0.1] AndroidManifest.xml:34:13-89
117            android:exported="true"
117-->[com.google.android.gms:play-services-auth:12.0.1] AndroidManifest.xml:35:13-36
118            android:permission="com.google.android.gms.auth.api.signin.permission.REVOCATION_NOTIFICATION" />
118-->[com.google.android.gms:play-services-auth:12.0.1] AndroidManifest.xml:36:13-107
119
120        <activity
120-->[com.google.firebase:firebase-auth:12.0.1] AndroidManifest.xml:23:9-29:75
121            android:name="com.google.firebase.auth.internal.FederatedSignInActivity"
121-->[com.google.firebase:firebase-auth:12.0.1] AndroidManifest.xml:24:13-85
122            android:excludeFromRecents="true"
122-->[com.google.firebase:firebase-auth:12.0.1] AndroidManifest.xml:25:13-46
123            android:exported="true"
123-->[com.google.firebase:firebase-auth:12.0.1] AndroidManifest.xml:26:13-36
124            android:launchMode="singleInstance"
124-->[com.google.firebase:firebase-auth:12.0.1] AndroidManifest.xml:27:13-48
125            android:permission="com.google.firebase.auth.api.gms.permission.LAUNCH_FEDERATED_SIGN_IN"
125-->[com.google.firebase:firebase-auth:12.0.1] AndroidManifest.xml:28:13-102
126            android:theme="@android:style/Theme.Translucent.NoTitleBar" />
126-->[com.google.firebase:firebase-auth:12.0.1] AndroidManifest.xml:29:13-72
127        <activity
127-->[com.google.android.gms:play-services-base:12.0.1] AndroidManifest.xml:23:9-26:75
128            android:name="com.google.android.gms.common.api.GoogleApiActivity"
128-->[com.google.android.gms:play-services-base:12.0.1] AndroidManifest.xml:24:13-79
129            android:exported="false"
129-->[com.google.android.gms:play-services-base:12.0.1] AndroidManifest.xml:25:13-37
130            android:theme="@android:style/Theme.Translucent.NoTitleBar" />
130-->[com.google.android.gms:play-services-base:12.0.1] AndroidManifest.xml:26:13-72
131        <!--
132             FirebaseMessagingService performs security checks at runtime,
133             no need for explicit permissions despite exported="true"
134        -->
135        <service
135-->[com.google.firebase:firebase-messaging:12.0.1] AndroidManifest.xml:28:9-34:19
136            android:name="com.google.firebase.messaging.FirebaseMessagingService"
136-->[com.google.firebase:firebase-messaging:12.0.1] AndroidManifest.xml:29:13-82
137            android:exported="true" >
137-->[com.google.firebase:firebase-messaging:12.0.1] AndroidManifest.xml:30:13-36
138            <intent-filter android:priority="-500" >
138-->[com.google.firebase:firebase-messaging:12.0.1] AndroidManifest.xml:31:13-33:29
138-->[com.google.firebase:firebase-messaging:12.0.1] AndroidManifest.xml:31:28-51
139                <action android:name="com.google.firebase.MESSAGING_EVENT" />
139-->[com.google.firebase:firebase-messaging:12.0.1] AndroidManifest.xml:32:17-78
139-->[com.google.firebase:firebase-messaging:12.0.1] AndroidManifest.xml:32:25-75
140            </intent-filter>
141        </service>
142        <service
142-->[com.google.android.gms:play-services-tagmanager-api:12.0.1] AndroidManifest.xml:27:9-30:40
143            android:name="com.google.android.gms.tagmanager.TagManagerService"
143-->[com.google.android.gms:play-services-tagmanager-api:12.0.1] AndroidManifest.xml:28:13-79
144            android:enabled="true"
144-->[com.google.android.gms:play-services-tagmanager-api:12.0.1] AndroidManifest.xml:29:13-35
145            android:exported="false" />
145-->[com.google.android.gms:play-services-tagmanager-api:12.0.1] AndroidManifest.xml:30:13-37
146
147        <activity
147-->[com.google.android.gms:play-services-tagmanager-api:12.0.1] AndroidManifest.xml:32:9-44:20
148            android:name="com.google.android.gms.tagmanager.TagManagerPreviewActivity"
148-->[com.google.android.gms:play-services-tagmanager-api:12.0.1] AndroidManifest.xml:33:13-87
149            android:exported="true"
149-->[com.google.android.gms:play-services-tagmanager-api:12.0.1] AndroidManifest.xml:34:13-36
150            android:noHistory="true" > <!-- optional, removes the previewActivity from the activity stack. -->
150-->[com.google.android.gms:play-services-tagmanager-api:12.0.1] AndroidManifest.xml:35:13-37
151            <intent-filter>
151-->[com.google.android.gms:play-services-tagmanager-api:12.0.1] AndroidManifest.xml:36:13-43:29
152                <data android:scheme="tagmanager.c.edu.umb.cs443" />
152-->[com.google.android.gms:play-services-tagmanager-api:12.0.1] AndroidManifest.xml:37:17-72
152-->[com.google.android.gms:play-services-tagmanager-api:12.0.1] AndroidManifest.xml:37:23-69
153
154                <action android:name="android.intent.action.VIEW" />
154-->[com.google.android.gms:play-services-tagmanager-api:12.0.1] AndroidManifest.xml:39:17-69
154-->[com.google.android.gms:play-services-tagmanager-api:12.0.1] AndroidManifest.xml:39:25-66
155
156                <category android:name="android.intent.category.DEFAULT" />
156-->[com.google.android.gms:play-services-appinvite:12.0.1] AndroidManifest.xml:32:17-76
156-->[com.google.android.gms:play-services-appinvite:12.0.1] AndroidManifest.xml:32:27-73
157                <category android:name="android.intent.category.BROWSABLE" />
157-->[com.google.android.gms:play-services-tagmanager-api:12.0.1] AndroidManifest.xml:42:17-78
157-->[com.google.android.gms:play-services-tagmanager-api:12.0.1] AndroidManifest.xml:42:27-75
158            </intent-filter>
159        </activity>
160
161        <receiver
161-->[com.google.firebase:firebase-analytics:12.0.1] AndroidManifest.xml:28:9-32:20
162            android:name="com.google.android.gms.measurement.AppMeasurementReceiver"
162-->[com.google.firebase:firebase-analytics:12.0.1] AndroidManifest.xml:29:13-85
163            android:enabled="true"
163-->[com.google.firebase:firebase-analytics:12.0.1] AndroidManifest.xml:30:13-35
164            android:exported="false" >
164-->[com.google.firebase:firebase-analytics:12.0.1] AndroidManifest.xml:31:13-37
165        </receiver>
166        <receiver
166-->[com.google.firebase:firebase-analytics:12.0.1] AndroidManifest.xml:33:9-41:20
167            android:name="com.google.android.gms.measurement.AppMeasurementInstallReferrerReceiver"
167-->[com.google.firebase:firebase-analytics:12.0.1] AndroidManifest.xml:34:13-100
168            android:enabled="true"
168-->[com.google.firebase:firebase-analytics:12.0.1] AndroidManifest.xml:35:13-35
169            android:exported="true"
169-->[com.google.firebase:firebase-analytics:12.0.1] AndroidManifest.xml:36:13-36
170            android:permission="android.permission.INSTALL_PACKAGES" >
170-->[com.google.firebase:firebase-analytics:12.0.1] AndroidManifest.xml:37:13-69
171            <intent-filter>
171-->[com.google.firebase:firebase-analytics:12.0.1] AndroidManifest.xml:38:13-40:29
172                <action android:name="com.android.vending.INSTALL_REFERRER" />
172-->[com.google.firebase:firebase-analytics:12.0.1] AndroidManifest.xml:39:17-79
172-->[com.google.firebase:firebase-analytics:12.0.1] AndroidManifest.xml:39:25-76
173            </intent-filter>
174        </receiver>
175
176        <service
176-->[com.google.firebase:firebase-analytics:12.0.1] AndroidManifest.xml:43:9-46:40
177            android:name="com.google.android.gms.measurement.AppMeasurementService"
177-->[com.google.firebase:firebase-analytics:12.0.1] AndroidManifest.xml:44:13-84
178            android:enabled="true"
178-->[com.google.firebase:firebase-analytics:12.0.1] AndroidManifest.xml:45:13-35
179            android:exported="false" />
179-->[com.google.firebase:firebase-analytics:12.0.1] AndroidManifest.xml:46:13-37
180        <service
180-->[com.google.firebase:firebase-analytics:12.0.1] AndroidManifest.xml:47:9-51:72
181            android:name="com.google.android.gms.measurement.AppMeasurementJobService"
181-->[com.google.firebase:firebase-analytics:12.0.1] AndroidManifest.xml:48:13-87
182            android:enabled="true"
182-->[com.google.firebase:firebase-analytics:12.0.1] AndroidManifest.xml:49:13-35
183            android:exported="false"
183-->[com.google.firebase:firebase-analytics:12.0.1] AndroidManifest.xml:50:13-37
184            android:permission="android.permission.BIND_JOB_SERVICE" />
184-->[com.google.firebase:firebase-analytics:12.0.1] AndroidManifest.xml:51:13-69
185
186        <receiver
186-->[com.google.firebase:firebase-iid:12.0.1] AndroidManifest.xml:35:9-44:20
187            android:name="com.google.firebase.iid.FirebaseInstanceIdReceiver"
187-->[com.google.firebase:firebase-iid:12.0.1] AndroidManifest.xml:36:13-78
188            android:exported="true"
188-->[com.google.firebase:firebase-iid:12.0.1] AndroidManifest.xml:37:13-36
189            android:permission="com.google.android.c2dm.permission.SEND" >
189-->[com.google.firebase:firebase-iid:12.0.1] AndroidManifest.xml:38:13-73
190            <intent-filter>
190-->[com.google.firebase:firebase-iid:12.0.1] AndroidManifest.xml:39:13-43:29
191                <action android:name="com.google.android.c2dm.intent.RECEIVE" />
191-->[com.google.firebase:firebase-iid:12.0.1] AndroidManifest.xml:40:17-81
191-->[com.google.firebase:firebase-iid:12.0.1] AndroidManifest.xml:40:25-78
192
193                <category android:name="edu.umb.cs443" />
193-->[com.google.firebase:firebase-iid:12.0.1] AndroidManifest.xml:42:17-61
193-->[com.google.firebase:firebase-iid:12.0.1] AndroidManifest.xml:42:27-58
194            </intent-filter>
195        </receiver>
196        <!--
197             FirebaseInstanceIdService performs security checks at runtime,
198             no need for explicit permissions despite exported="true"
199        -->
200        <service
200-->[com.google.firebase:firebase-iid:12.0.1] AndroidManifest.xml:50:9-56:19
201            android:name="com.google.firebase.iid.FirebaseInstanceIdService"
201-->[com.google.firebase:firebase-iid:12.0.1] AndroidManifest.xml:51:13-77
202            android:exported="true" >
202-->[com.google.firebase:firebase-iid:12.0.1] AndroidManifest.xml:52:13-36
203            <intent-filter android:priority="-500" >
203-->[com.google.firebase:firebase-iid:12.0.1] AndroidManifest.xml:53:13-55:29
203-->[com.google.firebase:firebase-iid:12.0.1] AndroidManifest.xml:53:28-51
204                <action android:name="com.google.firebase.INSTANCE_ID_EVENT" />
204-->[com.google.firebase:firebase-iid:12.0.1] AndroidManifest.xml:54:17-80
204-->[com.google.firebase:firebase-iid:12.0.1] AndroidManifest.xml:54:25-77
205            </intent-filter>
206        </service>
207
208        <provider
208-->[com.google.firebase:firebase-common:12.0.1] AndroidManifest.xml:8:9-12:39
209            android:name="com.google.firebase.provider.FirebaseInitProvider"
209-->[com.google.firebase:firebase-common:12.0.1] AndroidManifest.xml:9:13-77
210            android:authorities="edu.umb.cs443.firebaseinitprovider"
210-->[com.google.firebase:firebase-common:12.0.1] AndroidManifest.xml:10:13-72
211            android:exported="false"
211-->[com.google.firebase:firebase-common:12.0.1] AndroidManifest.xml:11:13-37
212            android:initOrder="100" />
212-->[com.google.firebase:firebase-common:12.0.1] AndroidManifest.xml:12:13-36
213        <provider
213-->[androidx.emoji2:emoji2:1.2.0] AndroidManifest.xml:24:9-32:20
214            android:name="androidx.startup.InitializationProvider"
214-->[androidx.emoji2:emoji2:1.2.0] AndroidManifest.xml:25:13-67
215            android:authorities="edu.umb.cs443.androidx-startup"
215-->[androidx.emoji2:emoji2:1.2.0] AndroidManifest.xml:26:13-68
216            android:exported="false" >
216-->[androidx.emoji2:emoji2:1.2.0] AndroidManifest.xml:27:13-37
217            <meta-data
217-->[androidx.emoji2:emoji2:1.2.0] AndroidManifest.xml:29:13-31:52
218                android:name="androidx.emoji2.text.EmojiCompatInitializer"
218-->[androidx.emoji2:emoji2:1.2.0] AndroidManifest.xml:30:17-75
219                android:value="androidx.startup" />
219-->[androidx.emoji2:emoji2:1.2.0] AndroidManifest.xml:31:17-49
220            <meta-data
220-->[androidx.lifecycle:lifecycle-process:2.4.1] AndroidManifest.xml:31:13-33:52
221                android:name="androidx.lifecycle.ProcessLifecycleInitializer"
221-->[androidx.lifecycle:lifecycle-process:2.4.1] AndroidManifest.xml:32:17-78
222                android:value="androidx.startup" />
222-->[androidx.lifecycle:lifecycle-process:2.4.1] AndroidManifest.xml:33:17-49
223        </provider>
224    </application>
225
226</manifest>